<?xml version="1.0" encoding="UTF-8"?>
<testng-results skipped="0" failed="0" ignored="0" total="1" passed="1">
  <reporter-output>
  </reporter-output>
  <suite name="Default suite" duration-ms="12214" started-at="2018-03-02T14:34:33Z" finished-at="2018-03-02T14:34:45Z">
    <groups>
    </groups>
    <test name="Default test" duration-ms="12214" started-at="2018-03-02T14:34:33Z" finished-at="2018-03-02T14:34:45Z">
      <class name="com.Test4">
        <test-method status="PASS" signature="facebookLogin()[pri:0, instance:com.Test4@6e1ec318]" name="facebookLogin" duration-ms="12181" started-at="2018-03-02T14:34:33Z" finished-at="2018-03-02T14:34:45Z">
          <reporter-output>
          </reporter-output>
        </test-method> <!-- facebookLogin -->
      </class> <!-- com.Test4 -->
    </test> <!-- Default test -->
  </suite> <!-- Default suite -->
</testng-results>
